<?xml version="1.0" encoding="UTF-8"?>
<!-- Generated by org.testng.reporters.JUnitXMLReporter -->
<testsuite hostname="PUNsgomes0MFVH7.local" name="Login" tests="2" failures="0" timestamp="13 Jan 2017 10:39:23 GMT" time="0.007" errors="0">
  <testcase name="@BeforeSuite beforetest" time="0.0" classname="com.forrester.testCases.Navigate">
    <failure type="org.openqa.selenium.WebDriverException" message="An unknown server-side error occurred while processing the command. Original error: Could not find a device to launch. You requested &amp;apos;iPhone 6 (9.3) [&amp;apos;, but the available devices were: [&amp;quot;Apple TV 1080p (9.2) [0A033B7E-19B4-4040-B3F0-EBADC79F2B02] (Simulator)&amp;quot;,&amp;quot;Apple Watch - 38mm (2.2) [03060AD9-FF61-4C55-9CDA-CD89404EE30B] (Simulator)&amp;quot;,&amp;quot;Apple Watch - 42mm (2.2) [5B9EDFCE-859B-4F3A-A72C-0EBD9AD1AADF] (Simulator)&amp;quot;,&amp;quot;iPad 2 (8.3) [3FB4AF24-03F6-470D-9139-11DD0C1481FF] (Simulator)&amp;quot;,&amp;quot;iPad Air (8.3) [AB4EB7EC-E3AF-48AB-904F-A45CF0E15506] (Simulator)&amp;quot;,&amp;quot;iPad Retina (8.3) [041CDD35-3D49-4423-94EE-24F7341F9661] (Simulator)&amp;quot;,&amp;quot;iPhone 4s (8.3) [3EA08ABC-68F5-4EC6-9C45-ADFFFF09E0D7] (Simulator)&amp;quot;,&amp;quot;iPhone 5 (8.3) [D54477E3-1DDE-48E0-85C3-87709525505F] (Simulator)&amp;quot;,&amp;quot;iPhone 5s (8.3) [6A9EC291-503C-4231-A1D6-C130C3F7B30C] (Simulator)&amp;quot;,&amp;quot;iPhone 5s (9.1) [56991936-5DED-4464-B929-A7437CC1B950] (Simulator)&amp;quot;,&amp;quot;iPhone 6 (8.3) [CFF51A3A-2A0D-459E-88A7-3B9A32DBC16C] (Simulator)&amp;quot;,&amp;quot;iPhone 6 Plus (8.3) [0230ADE4-4925-4F00-B337-5BA1B0D63A70] (Simulator)&amp;quot;] (WARNING: The server did not provide any stacktrace information)
Command duration or timeout: 3.97 seconds
Build info: version: &amp;apos;2.53.1&amp;apos;, revision: &amp;apos;a36b8b1cd5757287168e54b817830adce9b0158d&amp;apos;, time: &amp;apos;2016-06-30 19:26:09&amp;apos;
System info: host: &amp;apos;PUNsgomes0MFVH7.local&amp;apos;, ip: &amp;apos;192.168.6.37&amp;apos;, os.name: &amp;apos;Mac OS X&amp;apos;, os.arch: &amp;apos;x86_64&amp;apos;, os.version: &amp;apos;10.12.2&amp;apos;, java.version: &amp;apos;1.8.0_60&amp;apos;
Driver info: io.appium.java_client.ios.IOSDriver">
      <![CDATA[org.openqa.selenium.WebDriverException: An unknown server-side error occurred while processing the command. Original error: Could not find a device to launch. You requested 'iPhone 6 (9.3) [', but the available devices were: ["Apple TV 1080p (9.2) [0A033B7E-19B4-4040-B3F0-EBADC79F2B02] (Simulator)","Apple Watch - 38mm (2.2) [03060AD9-FF61-4C55-9CDA-CD89404EE30B] (Simulator)","Apple Watch - 42mm (2.2) [5B9EDFCE-859B-4F3A-A72C-0EBD9AD1AADF] (Simulator)","iPad 2 (8.3) [3FB4AF24-03F6-470D-9139-11DD0C1481FF] (Simulator)","iPad Air (8.3) [AB4EB7EC-E3AF-48AB-904F-A45CF0E15506] (Simulator)","iPad Retina (8.3) [041CDD35-3D49-4423-94EE-24F7341F9661] (Simulator)","iPhone 4s (8.3) [3EA08ABC-68F5-4EC6-9C45-ADFFFF09E0D7] (Simulator)","iPhone 5 (8.3) [D54477E3-1DDE-48E0-85C3-87709525505F] (Simulator)","iPhone 5s (8.3) [6A9EC291-503C-4231-A1D6-C130C3F7B30C] (Simulator)","iPhone 5s (9.1) [56991936-5DED-4464-B929-A7437CC1B950] (Simulator)","iPhone 6 (8.3) [CFF51A3A-2A0D-459E-88A7-3B9A32DBC16C] (Simulator)","iPhone 6 Plus (8.3) [0230ADE4-4925-4F00-B337-5BA1B0D63A70] (Simulator)"] (WARNING: The server did not provide any stacktrace information)
Command duration or timeout: 3.97 seconds
Build info: version: '2.53.1', revision: 'a36b8b1cd5757287168e54b817830adce9b0158d', time: '2016-06-30 19:26:09'
System info: host: 'PUNsgomes0MFVH7.local', ip: '192.168.6.37', os.name: 'Mac OS X', os.arch: 'x86_64', os.version: '10.12.2', java.version: '1.8.0_60'
Driver info: io.appium.java_client.ios.IOSDriver
	at org.openqa.selenium.remote.ErrorHandler.createThrowable(ErrorHandler.java:206)
	at org.openqa.selenium.remote.ErrorHandler.throwIfResponseFailed(ErrorHandler.java:158)
	at org.openqa.selenium.remote.RemoteWebDriver.execute(RemoteWebDriver.java:678)
	at io.appium.java_client.DefaultGenericMobileDriver.execute(DefaultGenericMobileDriver.java:40)
	at io.appium.java_client.AppiumDriver.execute(AppiumDriver.java:1)
	at io.appium.java_client.ios.IOSDriver.execute(IOSDriver.java:1)
	at org.openqa.selenium.remote.RemoteWebDriver.startSession(RemoteWebDriver.java:249)
	at org.openqa.selenium.remote.RemoteWebDriver.<init>(RemoteWebDriver.java:131)
	at org.openqa.selenium.remote.RemoteWebDriver.<init>(RemoteWebDriver.java:144)
	at io.appium.java_client.DefaultGenericMobileDriver.<init>(DefaultGenericMobileDriver.java:36)
	at io.appium.java_client.AppiumDriver.<init>(AppiumDriver.java:114)
	at io.appium.java_client.AppiumDriver.<init>(AppiumDriver.java:132)
	at io.appium.java_client.ios.IOSDriver.<init>(IOSDriver.java:82)
	at com.forrester.config.MobileAppConfiguration.setupMobileAppConfigForIOS(MobileAppConfiguration.java:100)
	at com.forrester.testCases.Navigate.beforetest(Navigate.java:28)
... Removed 22 stack frames]]>
    </failure>
  </testcase> <!-- @BeforeSuite beforetest -->
  <testcase name="FacebookLogin" time="0.0" classname="com.forrester.testCases.Login">
    <skipped/>
  </testcase> <!-- FacebookLogin -->
  <testcase name="FacebookLogin" time="0.0" classname="com.forrester.testCases.Login">
    <skipped/>
  </testcase> <!-- FacebookLogin -->
</testsuite> <!-- Login -->
