<?xml version="1.0" encoding="UTF-8"?>
<!-- Generated by org.testng.reporters.JUnitXMLReporter -->
<testsuite hostname="PUNsgomes0MFVH7.local" name="Mobformation Test" tests="2" failures="0" timestamp="12 Jan 2017 05:05:36 GMT" time="3.991" errors="0">
  <testcase name="checkmobformation" time="0.001" classname="com.forrester.testCases.Mobformation">
    <skipped/>
  </testcase> <!-- checkmobformation -->
  <testcase name="checkmobformation" time="0.0" classname="com.forrester.testCases.Mobformation">
    <skipped/>
  </testcase> <!-- checkmobformation -->
</testsuite> <!-- Mobformation Test -->
