<?xml version="1.0" encoding="UTF-8"?>
<!-- Generated by org.testng.reporters.JUnitXMLReporter -->
<testsuite hostname="PUNsgomes0MFVH7.local" name="Profile Test" tests="1" failures="1" timestamp="24 Jan 2017 11:33:59 GMT" time="38.468" errors="0">
  <testcase name="profiletest" time="37.979" classname="com.facebook.testCases.Profiletest">
    <failure type="java.lang.AssertionError" message="This is an intentional fail">
      <![CDATA[java.lang.AssertionError: This is an intentional fail
	at com.facebook.testCases.Profiletest.profiletest(Profiletest.java:30)
... Removed 25 stack frames]]>
    </failure>
  </testcase> <!-- profiletest -->
</testsuite> <!-- Profile Test -->
